2023-07-04 05:44:23,601 p=1520 u=ubuntu n=ansible | ansible-playbook [core 2.15.1]
  config file = /home/ubuntu/ansible/ansible.cfg
  configured module search path = ['/home/ubuntu/.ansible/plugins/modules', '/usr/share/ansible/plugins/modules']
  ansible python module location = /usr/local/lib/python3.10/dist-packages/ansible
  ansible collection location = /home/ubuntu/.ansible/collections:/usr/share/ansible/collections
  executable location = /usr/local/bin/ansible-playbook
  python version = 3.10.6 (main, May 29 2023, 11:10:38) [GCC 11.3.0] (/usr/bin/python3)
  jinja version = 3.0.3
  libyaml = True
2023-07-04 05:44:23,602 p=1520 u=ubuntu n=ansible | Using /home/ubuntu/ansible/ansible.cfg as config file
2023-07-04 05:44:24,312 p=1520 u=ubuntu n=ansible | Skipping callback 'default', as we already have a stdout callback.
2023-07-04 05:44:24,313 p=1520 u=ubuntu n=ansible | Skipping callback 'minimal', as we already have a stdout callback.
2023-07-04 05:44:24,314 p=1520 u=ubuntu n=ansible | Skipping callback 'oneline', as we already have a stdout callback.
2023-07-04 05:44:24,315 p=1520 u=ubuntu n=ansible | PLAYBOOK: mssql_db_run_playbook_v0.4.yml ****************************************************************************************
2023-07-04 05:44:24,317 p=1520 u=ubuntu n=ansible | 1 plays in mssql_db_run_playbook_v0.4.yml
2023-07-04 05:44:24,323 p=1520 u=ubuntu n=ansible | PLAY [DB_playbook v0.4] *********************************************************************************************************
2023-07-04 05:44:24,381 p=1520 u=ubuntu n=ansible | TASK [Create a dict in sqlfilename_list.yml on ansible controller] **************************************************************
2023-07-04 05:44:24,493 p=1520 u=ubuntu n=ansible | skipping: [ansible_target1] => {"changed": false, "false_condition": "inventory_hostname in groups['localhosts']", "skip_reason": "Conditional result was False"}
2023-07-04 05:44:24,494 p=1520 u=ubuntu n=ansible | skipping: [ansible_target2] => {"changed": false, "false_condition": "inventory_hostname in groups['localhosts']", "skip_reason": "Conditional result was False"}
2023-07-04 05:44:24,507 p=1520 u=ubuntu n=ansible | skipping: [ansible_remoteserver] => {"changed": false, "false_condition": "inventory_hostname in groups['localhosts']", "skip_reason": "Conditional result was False"}
2023-07-04 05:44:25,037 p=1520 u=ubuntu n=ansible | ok: [ansible_controller] => {"backup": "", "changed": false, "msg": ""}
2023-07-04 05:44:25,105 p=1520 u=ubuntu n=ansible | PLAY RECAP **********************************************************************************************************************
2023-07-04 05:44:25,105 p=1520 u=ubuntu n=ansible | ansible_controller         : ok=1    changed=0    unreachable=0    failed=0    skipped=0    rescued=0    ignored=0   
2023-07-04 05:44:25,106 p=1520 u=ubuntu n=ansible | ansible_remoteserver       : ok=0    changed=0    unreachable=0    failed=0    skipped=1    rescued=0    ignored=0   
2023-07-04 05:44:25,106 p=1520 u=ubuntu n=ansible | ansible_target1            : ok=0    changed=0    unreachable=0    failed=0    skipped=1    rescued=0    ignored=0   
2023-07-04 05:44:25,107 p=1520 u=ubuntu n=ansible | ansible_target2            : ok=0    changed=0    unreachable=0    failed=0    skipped=1    rescued=0    ignored=0   
2023-07-04 05:49:19,555 p=1614 u=ubuntu n=ansible | ansible-playbook [core 2.15.1]
  config file = /home/ubuntu/ansible/ansible.cfg
  configured module search path = ['/home/ubuntu/.ansible/plugins/modules', '/usr/share/ansible/plugins/modules']
  ansible python module location = /usr/local/lib/python3.10/dist-packages/ansible
  ansible collection location = /home/ubuntu/.ansible/collections:/usr/share/ansible/collections
  executable location = /usr/local/bin/ansible-playbook
  python version = 3.10.6 (main, May 29 2023, 11:10:38) [GCC 11.3.0] (/usr/bin/python3)
  jinja version = 3.0.3
  libyaml = True
2023-07-04 05:49:19,555 p=1614 u=ubuntu n=ansible | Using /home/ubuntu/ansible/ansible.cfg as config file
2023-07-04 05:49:19,890 p=1614 u=ubuntu n=ansible | Skipping callback 'default', as we already have a stdout callback.
2023-07-04 05:49:19,892 p=1614 u=ubuntu n=ansible | Skipping callback 'minimal', as we already have a stdout callback.
2023-07-04 05:49:19,893 p=1614 u=ubuntu n=ansible | Skipping callback 'oneline', as we already have a stdout callback.
2023-07-04 05:49:19,895 p=1614 u=ubuntu n=ansible | PLAYBOOK: mssql_db_run_playbook_v0.4.yml ****************************************************************************************
2023-07-04 05:49:19,896 p=1614 u=ubuntu n=ansible | 1 plays in mssql_db_run_playbook_v0.4.yml
2023-07-04 05:49:19,917 p=1614 u=ubuntu n=ansible | PLAY [DB_playbook v0.4] *********************************************************************************************************
2023-07-04 05:49:19,970 p=1614 u=ubuntu n=ansible | TASK [Create a dict in sqlfilename_list.yml on ansible controller] **************************************************************
2023-07-04 05:49:20,057 p=1614 u=ubuntu n=ansible | skipping: [ansible_target1] => {"changed": false, "false_condition": "inventory_hostname in groups['localhosts']", "skip_reason": "Conditional result was False"}
2023-07-04 05:49:20,062 p=1614 u=ubuntu n=ansible | skipping: [ansible_target2] => {"changed": false, "false_condition": "inventory_hostname in groups['localhosts']", "skip_reason": "Conditional result was False"}
2023-07-04 05:49:20,082 p=1614 u=ubuntu n=ansible | skipping: [ansible_remoteserver] => {"changed": false, "false_condition": "inventory_hostname in groups['localhosts']", "skip_reason": "Conditional result was False"}
2023-07-04 05:49:20,468 p=1614 u=ubuntu n=ansible | changed: [ansible_controller] => {"backup": "", "changed": true, "msg": "line replaced"}
2023-07-04 05:49:20,478 p=1614 u=ubuntu n=ansible | [WARNING]: While constructing a mapping from /home/ubuntu/ansible/sqlfilename_list.yml, line 1, column 1, found a duplicate dict
key (sqlfilename). Using last defined value only.

2023-07-04 05:49:20,537 p=1614 u=ubuntu n=ansible | PLAY RECAP **********************************************************************************************************************
2023-07-04 05:49:20,538 p=1614 u=ubuntu n=ansible | ansible_controller         : ok=1    changed=1    unreachable=0    failed=0    skipped=0    rescued=0    ignored=0   
2023-07-04 05:49:20,539 p=1614 u=ubuntu n=ansible | ansible_remoteserver       : ok=0    changed=0    unreachable=0    failed=0    skipped=1    rescued=0    ignored=0   
2023-07-04 05:49:20,539 p=1614 u=ubuntu n=ansible | ansible_target1            : ok=0    changed=0    unreachable=0    failed=0    skipped=1    rescued=0    ignored=0   
2023-07-04 05:49:20,540 p=1614 u=ubuntu n=ansible | ansible_target2            : ok=0    changed=0    unreachable=0    failed=0    skipped=1    rescued=0    ignored=0   
2023-07-04 05:52:05,566 p=1704 u=ubuntu n=ansible | ansible-playbook [core 2.15.1]
  config file = /home/ubuntu/ansible/ansible.cfg
  configured module search path = ['/home/ubuntu/.ansible/plugins/modules', '/usr/share/ansible/plugins/modules']
  ansible python module location = /usr/local/lib/python3.10/dist-packages/ansible
  ansible collection location = /home/ubuntu/.ansible/collections:/usr/share/ansible/collections
  executable location = /usr/local/bin/ansible-playbook
  python version = 3.10.6 (main, May 29 2023, 11:10:38) [GCC 11.3.0] (/usr/bin/python3)
  jinja version = 3.0.3
  libyaml = True
2023-07-04 05:52:05,567 p=1704 u=ubuntu n=ansible | Using /home/ubuntu/ansible/ansible.cfg as config file
2023-07-04 05:52:05,897 p=1704 u=ubuntu n=ansible | Skipping callback 'default', as we already have a stdout callback.
2023-07-04 05:52:05,898 p=1704 u=ubuntu n=ansible | Skipping callback 'minimal', as we already have a stdout callback.
2023-07-04 05:52:05,899 p=1704 u=ubuntu n=ansible | Skipping callback 'oneline', as we already have a stdout callback.
2023-07-04 05:52:05,900 p=1704 u=ubuntu n=ansible | PLAYBOOK: mssql_db_run_playbook_v0.4.yml ****************************************************************************************
2023-07-04 05:52:05,901 p=1704 u=ubuntu n=ansible | 1 plays in mssql_db_run_playbook_v0.4.yml
2023-07-04 05:52:05,906 p=1704 u=ubuntu n=ansible | [WARNING]: While constructing a mapping from /home/ubuntu/ansible/sqlfilename_list.yml, line 1, column 1, found a duplicate dict
key (sqlfilename). Using last defined value only.

2023-07-04 05:52:05,911 p=1704 u=ubuntu n=ansible | PLAY [DB_playbook v0.4] *********************************************************************************************************
2023-07-04 05:52:05,956 p=1704 u=ubuntu n=ansible | TASK [Create a dict in sqlfilename_list.yml on ansible controller] **************************************************************
2023-07-04 05:52:06,043 p=1704 u=ubuntu n=ansible | skipping: [ansible_target1] => {"changed": false, "false_condition": "inventory_hostname in groups['localhosts']", "skip_reason": "Conditional result was False"}
2023-07-04 05:52:06,045 p=1704 u=ubuntu n=ansible | skipping: [ansible_target2] => {"changed": false, "false_condition": "inventory_hostname in groups['localhosts']", "skip_reason": "Conditional result was False"}
2023-07-04 05:52:06,063 p=1704 u=ubuntu n=ansible | skipping: [ansible_remoteserver] => {"changed": false, "false_condition": "inventory_hostname in groups['localhosts']", "skip_reason": "Conditional result was False"}
2023-07-04 05:52:06,868 p=1704 u=ubuntu n=ansible | changed: [ansible_controller] => {"changed": true, "checksum": "886cad1e2aef70502dfa27346faabfc5fcc1cd10", "dest": "/home/ubuntu/ansible/sqlfilename_list.yml", "gid": 1000, "group": "ubuntu", "md5sum": "fcee916041962ff7dba629c9857e7892", "mode": "0664", "owner": "ubuntu", "size": 12, "src": "/home/ubuntu/.ansible/tmp/ansible-tmp-1688449926.011912-1710-245338990801613/source", "state": "file", "uid": 1000}
2023-07-04 05:52:06,932 p=1704 u=ubuntu n=ansible | PLAY RECAP **********************************************************************************************************************
2023-07-04 05:52:06,932 p=1704 u=ubuntu n=ansible | ansible_controller         : ok=1    changed=1    unreachable=0    failed=0    skipped=0    rescued=0    ignored=0   
2023-07-04 05:52:06,933 p=1704 u=ubuntu n=ansible | ansible_remoteserver       : ok=0    changed=0    unreachable=0    failed=0    skipped=1    rescued=0    ignored=0   
2023-07-04 05:52:06,934 p=1704 u=ubuntu n=ansible | ansible_target1            : ok=0    changed=0    unreachable=0    failed=0    skipped=1    rescued=0    ignored=0   
2023-07-04 05:52:06,935 p=1704 u=ubuntu n=ansible | ansible_target2            : ok=0    changed=0    unreachable=0    failed=0    skipped=1    rescued=0    ignored=0   
2023-07-04 05:52:46,349 p=1808 u=ubuntu n=ansible | ansible-playbook [core 2.15.1]
  config file = /home/ubuntu/ansible/ansible.cfg
  configured module search path = ['/home/ubuntu/.ansible/plugins/modules', '/usr/share/ansible/plugins/modules']
  ansible python module location = /usr/local/lib/python3.10/dist-packages/ansible
  ansible collection location = /home/ubuntu/.ansible/collections:/usr/share/ansible/collections
  executable location = /usr/local/bin/ansible-playbook
  python version = 3.10.6 (main, May 29 2023, 11:10:38) [GCC 11.3.0] (/usr/bin/python3)
  jinja version = 3.0.3
  libyaml = True
2023-07-04 05:52:46,349 p=1808 u=ubuntu n=ansible | Using /home/ubuntu/ansible/ansible.cfg as config file
2023-07-04 05:52:46,677 p=1808 u=ubuntu n=ansible | Skipping callback 'default', as we already have a stdout callback.
2023-07-04 05:52:46,679 p=1808 u=ubuntu n=ansible | Skipping callback 'minimal', as we already have a stdout callback.
2023-07-04 05:52:46,680 p=1808 u=ubuntu n=ansible | Skipping callback 'oneline', as we already have a stdout callback.
2023-07-04 05:52:46,683 p=1808 u=ubuntu n=ansible | PLAYBOOK: mssql_db_run_playbook_v0.4.yml ****************************************************************************************
2023-07-04 05:52:46,684 p=1808 u=ubuntu n=ansible | 1 plays in mssql_db_run_playbook_v0.4.yml
2023-07-04 05:52:46,689 p=1808 u=ubuntu n=ansible | PLAY [DB_playbook v0.4] *********************************************************************************************************
2023-07-04 05:52:46,730 p=1808 u=ubuntu n=ansible | TASK [Create a dict in sqlfilename_list.yml on ansible controller] **************************************************************
2023-07-04 05:52:46,813 p=1808 u=ubuntu n=ansible | skipping: [ansible_target1] => {"changed": false, "false_condition": "inventory_hostname in groups['localhosts']", "skip_reason": "Conditional result was False"}
2023-07-04 05:52:46,819 p=1808 u=ubuntu n=ansible | skipping: [ansible_target2] => {"changed": false, "false_condition": "inventory_hostname in groups['localhosts']", "skip_reason": "Conditional result was False"}
2023-07-04 05:52:46,835 p=1808 u=ubuntu n=ansible | skipping: [ansible_remoteserver] => {"changed": false, "false_condition": "inventory_hostname in groups['localhosts']", "skip_reason": "Conditional result was False"}
2023-07-04 05:52:47,561 p=1808 u=ubuntu n=ansible | changed: [ansible_controller] => {"changed": true, "checksum": "886cad1e2aef70502dfa27346faabfc5fcc1cd10", "dest": "/home/ubuntu/ansible/sqlfilename_list.yml", "gid": 1000, "group": "ubuntu", "md5sum": "fcee916041962ff7dba629c9857e7892", "mode": "0664", "owner": "ubuntu", "size": 12, "src": "/home/ubuntu/.ansible/tmp/ansible-tmp-1688449966.795867-1812-213108115269505/source", "state": "file", "uid": 1000}
2023-07-04 05:52:47,629 p=1808 u=ubuntu n=ansible | PLAY RECAP **********************************************************************************************************************
2023-07-04 05:52:47,630 p=1808 u=ubuntu n=ansible | ansible_controller         : ok=1    changed=1    unreachable=0    failed=0    skipped=0    rescued=0    ignored=0   
2023-07-04 05:52:47,631 p=1808 u=ubuntu n=ansible | ansible_remoteserver       : ok=0    changed=0    unreachable=0    failed=0    skipped=1    rescued=0    ignored=0   
2023-07-04 05:52:47,631 p=1808 u=ubuntu n=ansible | ansible_target1            : ok=0    changed=0    unreachable=0    failed=0    skipped=1    rescued=0    ignored=0   
2023-07-04 05:52:47,632 p=1808 u=ubuntu n=ansible | ansible_target2            : ok=0    changed=0    unreachable=0    failed=0    skipped=1    rescued=0    ignored=0   
2023-07-04 05:53:39,891 p=1908 u=ubuntu n=ansible | ansible-playbook [core 2.15.1]
  config file = /home/ubuntu/ansible/ansible.cfg
  configured module search path = ['/home/ubuntu/.ansible/plugins/modules', '/usr/share/ansible/plugins/modules']
  ansible python module location = /usr/local/lib/python3.10/dist-packages/ansible
  ansible collection location = /home/ubuntu/.ansible/collections:/usr/share/ansible/collections
  executable location = /usr/local/bin/ansible-playbook
  python version = 3.10.6 (main, May 29 2023, 11:10:38) [GCC 11.3.0] (/usr/bin/python3)
  jinja version = 3.0.3
  libyaml = True
2023-07-04 05:53:39,892 p=1908 u=ubuntu n=ansible | Using /home/ubuntu/ansible/ansible.cfg as config file
2023-07-04 05:53:40,201 p=1908 u=ubuntu n=ansible | ERROR! no module/action detected in task.

The error appears to be in '/home/ubuntu/ansible/mssql_db_run_playbook_v0.4.yml': line 37, column 5, but may
be elsewhere in the file depending on the exact syntax problem.

The offending line appears to be:


  - name: 'clear '
    ^ here

2023-07-04 05:54:07,736 p=1947 u=ubuntu n=ansible | ansible-playbook [core 2.15.1]
  config file = /home/ubuntu/ansible/ansible.cfg
  configured module search path = ['/home/ubuntu/.ansible/plugins/modules', '/usr/share/ansible/plugins/modules']
  ansible python module location = /usr/local/lib/python3.10/dist-packages/ansible
  ansible collection location = /home/ubuntu/.ansible/collections:/usr/share/ansible/collections
  executable location = /usr/local/bin/ansible-playbook
  python version = 3.10.6 (main, May 29 2023, 11:10:38) [GCC 11.3.0] (/usr/bin/python3)
  jinja version = 3.0.3
  libyaml = True
2023-07-04 05:54:07,736 p=1947 u=ubuntu n=ansible | Using /home/ubuntu/ansible/ansible.cfg as config file
2023-07-04 05:54:08,047 p=1947 u=ubuntu n=ansible | redirecting (type: modules) ansible.builtin.win_shell to ansible.windows.win_shell
2023-07-04 05:54:08,061 p=1947 u=ubuntu n=ansible | redirecting (type: modules) ansible.builtin.win_find to ansible.windows.win_find
2023-07-04 05:54:08,083 p=1947 u=ubuntu n=ansible | Skipping callback 'default', as we already have a stdout callback.
2023-07-04 05:54:08,085 p=1947 u=ubuntu n=ansible | Skipping callback 'minimal', as we already have a stdout callback.
2023-07-04 05:54:08,085 p=1947 u=ubuntu n=ansible | Skipping callback 'oneline', as we already have a stdout callback.
2023-07-04 05:54:08,087 p=1947 u=ubuntu n=ansible | PLAYBOOK: mssql_db_run_playbook_v0.4.yml ****************************************************************************************
2023-07-04 05:54:08,088 p=1947 u=ubuntu n=ansible | 1 plays in mssql_db_run_playbook_v0.4.yml
2023-07-04 05:54:08,094 p=1947 u=ubuntu n=ansible | PLAY [DB_playbook v0.4] *********************************************************************************************************
2023-07-04 05:54:08,137 p=1947 u=ubuntu n=ansible | TASK [Get current date&time] ****************************************************************************************************
2023-07-04 05:54:08,199 p=1947 u=ubuntu n=ansible | skipping: [ansible_controller] => {"changed": false, "false_condition": "inventory_hostname in groups['db_servers']", "skip_reason": "Conditional result was False"}
2023-07-04 05:54:08,219 p=1947 u=ubuntu n=ansible | skipping: [ansible_target1] => {"changed": false, "false_condition": "inventory_hostname in groups['db_servers']", "skip_reason": "Conditional result was False"}
2023-07-04 05:54:08,224 p=1947 u=ubuntu n=ansible | skipping: [ansible_target2] => {"changed": false, "false_condition": "inventory_hostname in groups['db_servers']", "skip_reason": "Conditional result was False"}
2023-07-04 05:54:08,238 p=1947 u=ubuntu n=ansible | redirecting (type: modules) ansible.builtin.setup to ansible.windows.setup
2023-07-04 05:54:25,066 p=1947 u=ubuntu n=ansible | ok: [ansible_remoteserver]
2023-07-04 05:54:25,076 p=1947 u=ubuntu n=ansible | TASK [Store ansible_facts of ansible targets] ***********************************************************************************
2023-07-04 05:54:25,130 p=1947 u=ubuntu n=ansible | skipping: [ansible_controller] => {"false_condition": "inventory_hostname in groups['db_servers']"}
2023-07-04 05:54:25,156 p=1947 u=ubuntu n=ansible | skipping: [ansible_target1] => {"false_condition": "inventory_hostname in groups['db_servers']"}
2023-07-04 05:54:25,159 p=1947 u=ubuntu n=ansible | skipping: [ansible_target2] => {"false_condition": "inventory_hostname in groups['db_servers']"}
2023-07-04 05:54:25,183 p=1947 u=ubuntu n=ansible | ok: [ansible_remoteserver] => {
    "datetime_var": {
        "ansible_facts": {
            "ansible_architecture": "64-bit",
            "ansible_architecture2": "x86_64",
            "ansible_bios_date": "08/24/2006",
            "ansible_bios_version": "4.11.amazon",
            "ansible_date_time": {
                "date": "2023-07-04",
                "day": "04",
                "epoch": "1688450059.8556",
                "epoch_int": 1688450060,
                "epoch_local": "1688450059.8556",
                "hour": "05",
                "iso8601": "2023-07-04T05:54:19Z",
                "iso8601_basic": "20230704T055419855596",
                "iso8601_basic_short": "20230704T055419",
                "iso8601_micro": "2023-07-04T05:54:19.855596Z",
                "minute": "54",
                "month": "07",
                "second": "19",
                "time": "05:54:19",
                "tz": "UTC",
                "tz_offset": "+00:00",
                "weekday": "Tuesday",
                "weekday_number": "2",
                "weeknumber": "26",
                "year": "2023"
            },
            "ansible_distribution": "Microsoft Windows Server 2022 Datacenter",
            "ansible_distribution_major_version": "10",
            "ansible_distribution_version": "10.0.20348.0",
            "ansible_domain": "",
            "ansible_env": {
                "ALLUSERSPROFILE": "C:\\ProgramData",
                "APPDATA": "C:\\Users\\Administrator\\AppData\\Roaming",
                "AWS_EXECUTION_ENV": "EC2",
                "COMPUTERNAME": "EC2AMAZ-J73RL8T",
                "ComSpec": "C:\\Windows\\system32\\cmd.exe",
                "CommonProgramFiles": "C:\\Program Files\\Common Files",
                "CommonProgramFiles(x86)": "C:\\Program Files (x86)\\Common Files",
                "CommonProgramW6432": "C:\\Program Files\\Common Files",
                "DriverData": "C:\\Windows\\System32\\Drivers\\DriverData",
                "EC2LAUNCH_TELEMETRY": "1",
                "LOCALAPPDATA": "C:\\Users\\Administrator\\AppData\\Local",
                "NUMBER_OF_PROCESSORS": "1",
                "OS": "Windows_NT",
                "PATHEXT": ".COM;.EXE;.BAT;.CMD;.VBS;.VBE;.JS;.JSE;.WSF;.WSH;.MSC;.CPL",
                "PROCESSOR_ARCHITECTURE": "AMD64",
                "PROCESSOR_IDENTIFIER": "Intel64 Family 6 Model 63 Stepping 2, GenuineIntel",
                "PROCESSOR_LEVEL": "6",
                "PROCESSOR_REVISION": "3f02",
                "PROMPT": "$P$G",
                "PSExecutionPolicyPreference": "Unrestricted",
                "PSModulePath": "C:\\Users\\Administrator\\Documents\\WindowsPowerShell\\Modules;C:\\Windows\\system32\\WindowsPowerShell\\v1.0\\Modules;C:\\Program Files\\WindowsPowerShell\\Modules;C:\\Program Files (x86)\\Microsoft SQL Server\\160\\Tools\\PowerShell\\Modules",
                "PUBLIC": "C:\\Users\\Public",
                "Path": "C:\\Windows\\system32;C:\\Windows;C:\\Windows\\System32\\Wbem;C:\\Windows\\System32\\WindowsPowerShell\\v1.0\\;C:\\Windows\\System32\\OpenSSH\\;C:\\Program Files\\Amazon\\cfn-bootstrap\\;C:\\Program Files (x86)\\Microsoft SQL Server\\160\\Tools\\Binn\\;C:\\Program Files\\Microsoft SQL Server\\160\\Tools\\Binn\\;C:\\Program Files\\Microsoft SQL Server\\Client SDK\\ODBC\\170\\Tools\\Binn\\;C:\\Program Files\\Microsoft SQL Server\\160\\DTS\\Binn\\;C:\\Program Files (x86)\\Microsoft SQL Server\\160\\DTS\\Binn\\;C:\\Program Files\\Azure Data Studio\\bin;C:\\Users\\Administrator\\AppData\\Local\\Microsoft\\WindowsApps;",
                "ProgramData": "C:\\ProgramData",
                "ProgramFiles": "C:\\Program Files",
                "ProgramFiles(x86)": "C:\\Program Files (x86)",
                "ProgramW6432": "C:\\Program Files",
                "SystemDrive": "C:",
                "SystemRoot": "C:\\Windows",
                "TEMP": "C:\\Users\\ADMINI~1\\AppData\\Local\\Temp",
                "TMP": "C:\\Users\\ADMINI~1\\AppData\\Local\\Temp",
                "USERDOMAIN": "EC2AMAZ-J73RL8T",
                "USERNAME": "Administrator",
                "USERPROFILE": "C:\\Users\\Administrator",
                "windir": "C:\\Windows"
            },
            "ansible_fqdn": "EC2AMAZ-J73RL8T",
            "ansible_hostname": "EC2AMAZ-J73RL8T",
            "ansible_interfaces": [
                {
                    "connection_name": "Ethernet 2",
                    "default_gateway": "172.31.32.1",
                    "dns_domain": "ap-south-1.compute.internal",
                    "interface_index": 7,
                    "interface_name": "AWS PV Network Device #0",
                    "ipv4": {
                        "address": "172.31.45.40",
                        "prefix": "20"
                    },
                    "ipv6": {
                        "address": "fe80::1b68:78b5:3dd6:7190%7",
                        "prefix": "64"
                    },
                    "macaddress": "02:D9:63:10:16:78",
                    "mtu": 9001,
                    "speed": 1000
                }
            ],
            "ansible_ip_addresses": [
                "fe80::1b68:78b5:3dd6:7190%7",
                "172.31.45.40"
            ],
            "ansible_kernel": "10.0.20348.0",
            "ansible_lastboot": "2023-07-04 05:32:36Z",
            "ansible_machine_id": "S-1-5-21-3142975123-2064260459-2716191798",
            "ansible_memfree_mb": 55,
            "ansible_memtotal_mb": 1024,
            "ansible_netbios_name": "EC2AMAZ-J73RL8T",
            "ansible_nodename": "EC2AMAZ-J73RL8T",
            "ansible_os_family": "Windows",
            "ansible_os_installation_type": "Server",
            "ansible_os_name": "Microsoft Windows Server 2022 Datacenter",
            "ansible_os_product_type": "server",
            "ansible_owner_contact": "",
            "ansible_owner_name": "EC2",
            "ansible_pagefilefree_mb": 1075,
            "ansible_pagefiletotal_mb": 1344,
            "ansible_powershell_version": 5,
            "ansible_processor": [
                "0",
                "GenuineIntel",
                "Intel(R) Xeon(R) CPU E5-2676 v3 @ 2.40GHz"
            ],
            "ansible_processor_cores": 1,
            "ansible_processor_count": 1,
            "ansible_processor_threads_per_core": 1,
            "ansible_processor_vcpus": 1,
            "ansible_product_name": "HVM domU",
            "ansible_product_serial": "ec24ce73-b77e-f9ee-e386-e0f37cab1476",
            "ansible_reboot_pending": false,
            "ansible_swaptotal_mb": 0,
            "ansible_system": "Win32NT",
            "ansible_system_description": "",
            "ansible_system_vendor": "Xen",
            "ansible_uptime_seconds": 1306,
            "ansible_user_dir": "C:\\Users\\Administrator",
            "ansible_user_gecos": "",
            "ansible_user_id": "Administrator",
            "ansible_user_sid": "S-1-5-21-3142975123-2064260459-2716191798-500",
            "ansible_virtualization_role": "guest",
            "ansible_virtualization_type": "xen",
            "ansible_win_rm_certificate_expires": "2026-06-15 18:15:15",
            "ansible_windows_domain": "WORKGROUP",
            "ansible_windows_domain_member": false,
            "ansible_windows_domain_role": "Stand-alone server",
            "gather_subset": [
                "date_time"
            ],
            "module_setup": true
        },
        "changed": false,
        "failed": false
    }
}
2023-07-04 05:54:25,195 p=1947 u=ubuntu n=ansible | TASK [Store datetime in ddmmyyyy_hhmmss format] *********************************************************************************
2023-07-04 05:54:25,246 p=1947 u=ubuntu n=ansible | skipping: [ansible_controller] => {"false_condition": "inventory_hostname in groups['db_servers']"}
2023-07-04 05:54:25,274 p=1947 u=ubuntu n=ansible | skipping: [ansible_target1] => {"false_condition": "inventory_hostname in groups['db_servers']"}
2023-07-04 05:54:25,276 p=1947 u=ubuntu n=ansible | skipping: [ansible_target2] => {"false_condition": "inventory_hostname in groups['db_servers']"}
2023-07-04 05:54:25,295 p=1947 u=ubuntu n=ansible | ok: [ansible_remoteserver] => {
    "msg": "04072023_055419"
}
2023-07-04 05:54:25,305 p=1947 u=ubuntu n=ansible | TASK [Connect MSSQL DB Server] **************************************************************************************************
2023-07-04 05:54:25,356 p=1947 u=ubuntu n=ansible | skipping: [ansible_controller] => {"censored": "the output has been hidden due to the fact that 'no_log: true' was specified for this result", "changed": false}
2023-07-04 05:54:25,388 p=1947 u=ubuntu n=ansible | skipping: [ansible_target1] => {"censored": "the output has been hidden due to the fact that 'no_log: true' was specified for this result", "changed": false}
2023-07-04 05:54:25,391 p=1947 u=ubuntu n=ansible | skipping: [ansible_target2] => {"censored": "the output has been hidden due to the fact that 'no_log: true' was specified for this result", "changed": false}
2023-07-04 05:54:25,439 p=1947 u=ubuntu n=ansible | redirecting (type: modules) ansible.builtin.win_shell to ansible.windows.win_shell
2023-07-04 05:54:25,443 p=1947 u=ubuntu n=ansible | redirecting (type: modules) ansible.builtin.win_shell to ansible.windows.win_shell
2023-07-04 05:54:30,884 p=1947 u=ubuntu n=ansible | changed: [ansible_remoteserver] => {"censored": "the output has been hidden due to the fact that 'no_log: true' was specified for this result", "changed": true}
2023-07-04 05:54:30,893 p=1947 u=ubuntu n=ansible | TASK [Check DB connection status successful] ************************************************************************************
2023-07-04 05:54:30,945 p=1947 u=ubuntu n=ansible | skipping: [ansible_controller] => {"false_condition": "inventory_hostname in groups['db_servers']"}
2023-07-04 05:54:30,973 p=1947 u=ubuntu n=ansible | skipping: [ansible_target1] => {"false_condition": "inventory_hostname in groups['db_servers']"}
2023-07-04 05:54:30,979 p=1947 u=ubuntu n=ansible | skipping: [ansible_target2] => {"false_condition": "inventory_hostname in groups['db_servers']"}
2023-07-04 05:54:31,002 p=1947 u=ubuntu n=ansible | ok: [ansible_remoteserver] => (item=0) => {
    "msg": "172.31.45.40 connection is successful"
}
2023-07-04 05:54:31,012 p=1947 u=ubuntu n=ansible | TASK [Check DB connection status failed] ****************************************************************************************
2023-07-04 05:54:31,086 p=1947 u=ubuntu n=ansible | skipping: [ansible_controller] => {"false_condition": "inventory_hostname in groups['db_servers']"}
2023-07-04 05:54:31,131 p=1947 u=ubuntu n=ansible | skipping: [ansible_target1] => {"false_condition": "inventory_hostname in groups['db_servers']"}
2023-07-04 05:54:31,138 p=1947 u=ubuntu n=ansible | skipping: [ansible_target2] => {"false_condition": "inventory_hostname in groups['db_servers']"}
2023-07-04 05:54:31,165 p=1947 u=ubuntu n=ansible | skipping: [ansible_remoteserver] => (item=0)  => {"ansible_loop_var": "item", "false_condition": "item != '0'", "item": "0"}
2023-07-04 05:54:31,166 p=1947 u=ubuntu n=ansible | skipping: [ansible_remoteserver] => {"msg": "All items skipped"}
2023-07-04 05:54:31,178 p=1947 u=ubuntu n=ansible | TASK [Get all *.sql filenames from the target location] *************************************************************************
2023-07-04 05:54:31,233 p=1947 u=ubuntu n=ansible | skipping: [ansible_controller] => {"changed": false, "false_condition": "inventory_hostname in groups['db_servers']", "skip_reason": "Conditional result was False"}
2023-07-04 05:54:31,255 p=1947 u=ubuntu n=ansible | skipping: [ansible_target1] => {"changed": false, "false_condition": "inventory_hostname in groups['db_servers']", "skip_reason": "Conditional result was False"}
2023-07-04 05:54:31,259 p=1947 u=ubuntu n=ansible | skipping: [ansible_target2] => {"changed": false, "false_condition": "inventory_hostname in groups['db_servers']", "skip_reason": "Conditional result was False"}
2023-07-04 05:54:31,277 p=1947 u=ubuntu n=ansible | redirecting (type: modules) ansible.builtin.win_find to ansible.windows.win_find
2023-07-04 05:54:31,282 p=1947 u=ubuntu n=ansible | redirecting (type: modules) ansible.builtin.win_find to ansible.windows.win_find
2023-07-04 05:54:35,840 p=1947 u=ubuntu n=ansible | ok: [ansible_remoteserver] => {"changed": false, "examined": 5, "files": [{"attributes": "Archive", "checksum": "26a681cd5af06cb48402c92d86c8952c6273a0a5", "creationtime": 1687954385.013765, "exists": true, "extension": ".sql", "filename": "01_Select_Stmt.sql", "hlnk_targets": [], "isarchive": true, "isdir": false, "ishidden": false, "isjunction": false, "islnk": false, "isreadonly": false, "isreg": true, "isshared": false, "lastaccesstime": 1688104914.4182603, "lastwritetime": 1688104914.4182603, "lnk_source": null, "lnk_target": null, "nlink": 1, "owner": "BUILTIN\\Administrators", "path": "C:\\sql_stmts\\01_Select_Stmt.sql", "sharename": null, "size": 41}, {"attributes": "Archive", "checksum": "78826ed5c2b0209be9ad06101fa7c5609bd92294", "creationtime": 1687954385.013765, "exists": true, "extension": ".sql", "filename": "02_Delete_Stmt.sql", "hlnk_targets": [], "isarchive": true, "isdir": false, "ishidden": false, "isjunction": false, "islnk": false, "isreadonly": false, "isreg": true, "isshared": false, "lastaccesstime": 1688365137.6897044, "lastwritetime": 1688365137.6897044, "lnk_source": null, "lnk_target": null, "nlink": 1, "owner": "BUILTIN\\Administrators", "path": "C:\\sql_stmts\\02_Delete_Stmt.sql", "sharename": null, "size": 81}, {"attributes": "Archive", "checksum": "4b326607b7b760da73ba878e4a60341b731fdf54", "creationtime": 1687954385.013765, "exists": true, "extension": ".sql", "filename": "03_Insert_Stmt.sql", "hlnk_targets": [], "isarchive": true, "isdir": false, "ishidden": false, "isjunction": false, "islnk": false, "isreadonly": false, "isreg": true, "isshared": false, "lastaccesstime": 1688105637.8205428, "lastwritetime": 1688105637.8205428, "lnk_source": null, "lnk_target": null, "nlink": 1, "owner": "BUILTIN\\Administrators", "path": "C:\\sql_stmts\\03_Insert_Stmt.sql", "sharename": null, "size": 108}, {"attributes": "Archive", "checksum": "26a681cd5af06cb48402c92d86c8952c6273a0a5", "creationtime": 1688364839.701821, "exists": true, "extension": ".sql", "filename": "04_Select_Stmt.sql", "hlnk_targets": [], "isarchive": true, "isdir": false, "ishidden": false, "isjunction": false, "islnk": false, "isreadonly": false, "isreg": true, "isshared": false, "lastaccesstime": 1688364839.701821, "lastwritetime": 1688104914.4182603, "lnk_source": null, "lnk_target": null, "nlink": 1, "owner": "BUILTIN\\Administrators", "path": "C:\\sql_stmts\\04_Select_Stmt.sql", "sharename": null, "size": 41}], "matched": 4}
2023-07-04 05:54:35,849 p=1947 u=ubuntu n=ansible | TASK [debug] ********************************************************************************************************************
2023-07-04 05:54:35,899 p=1947 u=ubuntu n=ansible | skipping: [ansible_controller] => {"false_condition": "inventory_hostname in groups['db_servers']"}
2023-07-04 05:54:35,929 p=1947 u=ubuntu n=ansible | skipping: [ansible_target1] => {"false_condition": "inventory_hostname in groups['db_servers']"}
2023-07-04 05:54:35,930 p=1947 u=ubuntu n=ansible | skipping: [ansible_target2] => {"false_condition": "inventory_hostname in groups['db_servers']"}
2023-07-04 05:54:35,955 p=1947 u=ubuntu n=ansible | ok: [ansible_remoteserver] => {
    "file_list": {
        "changed": false,
        "examined": 5,
        "failed": false,
        "files": [
            {
                "attributes": "Archive",
                "checksum": "26a681cd5af06cb48402c92d86c8952c6273a0a5",
                "creationtime": 1687954385.013765,
                "exists": true,
                "extension": ".sql",
                "filename": "01_Select_Stmt.sql",
                "hlnk_targets": [],
                "isarchive": true,
                "isdir": false,
                "ishidden": false,
                "isjunction": false,
                "islnk": false,
                "isreadonly": false,
                "isreg": true,
                "isshared": false,
                "lastaccesstime": 1688104914.4182603,
                "lastwritetime": 1688104914.4182603,
                "lnk_source": null,
                "lnk_target": null,
                "nlink": 1,
                "owner": "BUILTIN\\Administrators",
                "path": "C:\\sql_stmts\\01_Select_Stmt.sql",
                "sharename": null,
                "size": 41
            },
            {
                "attributes": "Archive",
                "checksum": "78826ed5c2b0209be9ad06101fa7c5609bd92294",
                "creationtime": 1687954385.013765,
                "exists": true,
                "extension": ".sql",
                "filename": "02_Delete_Stmt.sql",
                "hlnk_targets": [],
                "isarchive": true,
                "isdir": false,
                "ishidden": false,
                "isjunction": false,
                "islnk": false,
                "isreadonly": false,
                "isreg": true,
                "isshared": false,
                "lastaccesstime": 1688365137.6897044,
                "lastwritetime": 1688365137.6897044,
                "lnk_source": null,
                "lnk_target": null,
                "nlink": 1,
                "owner": "BUILTIN\\Administrators",
                "path": "C:\\sql_stmts\\02_Delete_Stmt.sql",
                "sharename": null,
                "size": 81
            },
            {
                "attributes": "Archive",
                "checksum": "4b326607b7b760da73ba878e4a60341b731fdf54",
                "creationtime": 1687954385.013765,
                "exists": true,
                "extension": ".sql",
                "filename": "03_Insert_Stmt.sql",
                "hlnk_targets": [],
                "isarchive": true,
                "isdir": false,
                "ishidden": false,
                "isjunction": false,
                "islnk": false,
                "isreadonly": false,
                "isreg": true,
                "isshared": false,
                "lastaccesstime": 1688105637.8205428,
                "lastwritetime": 1688105637.8205428,
                "lnk_source": null,
                "lnk_target": null,
                "nlink": 1,
                "owner": "BUILTIN\\Administrators",
                "path": "C:\\sql_stmts\\03_Insert_Stmt.sql",
                "sharename": null,
                "size": 108
            },
            {
                "attributes": "Archive",
                "checksum": "26a681cd5af06cb48402c92d86c8952c6273a0a5",
                "creationtime": 1688364839.701821,
                "exists": true,
                "extension": ".sql",
                "filename": "04_Select_Stmt.sql",
                "hlnk_targets": [],
                "isarchive": true,
                "isdir": false,
                "ishidden": false,
                "isjunction": false,
                "islnk": false,
                "isreadonly": false,
                "isreg": true,
                "isshared": false,
                "lastaccesstime": 1688364839.701821,
                "lastwritetime": 1688104914.4182603,
                "lnk_source": null,
                "lnk_target": null,
                "nlink": 1,
                "owner": "BUILTIN\\Administrators",
                "path": "C:\\sql_stmts\\04_Select_Stmt.sql",
                "sharename": null,
                "size": 41
            }
        ],
        "matched": 4
    }
}
2023-07-04 05:54:35,967 p=1947 u=ubuntu n=ansible | TASK [debug] ********************************************************************************************************************
2023-07-04 05:54:36,603 p=1947 u=ubuntu n=ansible | skipping: [ansible_controller] => (item=[''])  => {"ansible_loop_var": "item", "false_condition": "inventory_hostname in groups['db_servers']", "item": [""]}
2023-07-04 05:54:36,604 p=1947 u=ubuntu n=ansible | skipping: [ansible_controller] => {"msg": "All items skipped"}
2023-07-04 05:54:36,615 p=1947 u=ubuntu n=ansible | skipping: [ansible_target1] => (item=[''])  => {"ansible_loop_var": "item", "false_condition": "inventory_hostname in groups['db_servers']", "item": [""]}
2023-07-04 05:54:36,616 p=1947 u=ubuntu n=ansible | skipping: [ansible_target1] => {"msg": "All items skipped"}
2023-07-04 05:54:36,642 p=1947 u=ubuntu n=ansible | skipping: [ansible_target2] => (item=[''])  => {"ansible_loop_var": "item", "false_condition": "inventory_hostname in groups['db_servers']", "item": [""]}
2023-07-04 05:54:36,644 p=1947 u=ubuntu n=ansible | skipping: [ansible_target2] => {"msg": "All items skipped"}
2023-07-04 05:54:36,670 p=1947 u=ubuntu n=ansible | ok: [ansible_remoteserver] => (item=['01_Select_Stmt.sql']) => {
    "msg": "filename 01_Select_Stmt.sql"
}
2023-07-04 05:54:36,679 p=1947 u=ubuntu n=ansible | ok: [ansible_remoteserver] => (item=['02_Delete_Stmt.sql']) => {
    "msg": "filename 02_Delete_Stmt.sql"
}
2023-07-04 05:54:36,688 p=1947 u=ubuntu n=ansible | ok: [ansible_remoteserver] => (item=['03_Insert_Stmt.sql']) => {
    "msg": "filename 03_Insert_Stmt.sql"
}
2023-07-04 05:54:36,693 p=1947 u=ubuntu n=ansible | ok: [ansible_remoteserver] => (item=['04_Select_Stmt.sql']) => {
    "msg": "filename 04_Select_Stmt.sql"
}
2023-07-04 05:54:36,704 p=1947 u=ubuntu n=ansible | TASK [Create a dict in sqlfilename_list.yml on ansible controller] **************************************************************
2023-07-04 05:54:36,789 p=1947 u=ubuntu n=ansible | skipping: [ansible_target1] => {"changed": false, "false_condition": "inventory_hostname in groups['localhosts']", "skip_reason": "Conditional result was False"}
2023-07-04 05:54:36,792 p=1947 u=ubuntu n=ansible | skipping: [ansible_target2] => {"changed": false, "false_condition": "inventory_hostname in groups['localhosts']", "skip_reason": "Conditional result was False"}
2023-07-04 05:54:36,804 p=1947 u=ubuntu n=ansible | skipping: [ansible_remoteserver] => {"changed": false, "false_condition": "inventory_hostname in groups['localhosts']", "skip_reason": "Conditional result was False"}
2023-07-04 05:54:37,688 p=1947 u=ubuntu n=ansible | ok: [ansible_controller] => {"changed": false, "checksum": "886cad1e2aef70502dfa27346faabfc5fcc1cd10", "dest": "/home/ubuntu/ansible/sqlfilename_list.yml", "gid": 1000, "group": "ubuntu", "mode": "0664", "owner": "ubuntu", "path": "/home/ubuntu/ansible/sqlfilename_list.yml", "size": 12, "state": "file", "uid": 1000}
2023-07-04 05:54:37,697 p=1947 u=ubuntu n=ansible | TASK [Add filenames fetched as a listed-dict into sqlfilename_list.yml on ansible controller] ***********************************
2023-07-04 05:54:38,133 p=1947 u=ubuntu n=ansible | skipping: [ansible_target1] => (item=['01_Select_Stmt.sql'])  => {"ansible_loop_var": "item", "changed": false, "false_condition": "inventory_hostname in groups['localhosts']", "item": ["01_Select_Stmt.sql"], "skip_reason": "Conditional result was False"}
2023-07-04 05:54:38,144 p=1947 u=ubuntu n=ansible | skipping: [ansible_target1] => (item=['02_Delete_Stmt.sql'])  => {"ansible_loop_var": "item", "changed": false, "false_condition": "inventory_hostname in groups['localhosts']", "item": ["02_Delete_Stmt.sql"], "skip_reason": "Conditional result was False"}
2023-07-04 05:54:38,160 p=1947 u=ubuntu n=ansible | skipping: [ansible_target1] => (item=['03_Insert_Stmt.sql'])  => {"ansible_loop_var": "item", "changed": false, "false_condition": "inventory_hostname in groups['localhosts']", "item": ["03_Insert_Stmt.sql"], "skip_reason": "Conditional result was False"}
2023-07-04 05:54:38,177 p=1947 u=ubuntu n=ansible | skipping: [ansible_target1] => (item=['04_Select_Stmt.sql'])  => {"ansible_loop_var": "item", "changed": false, "false_condition": "inventory_hostname in groups['localhosts']", "item": ["04_Select_Stmt.sql"], "skip_reason": "Conditional result was False"}
2023-07-04 05:54:38,179 p=1947 u=ubuntu n=ansible | skipping: [ansible_target1] => {"changed": false, "msg": "All items skipped"}
2023-07-04 05:54:38,181 p=1947 u=ubuntu n=ansible | skipping: [ansible_target2] => (item=['01_Select_Stmt.sql'])  => {"ansible_loop_var": "item", "changed": false, "false_condition": "inventory_hostname in groups['localhosts']", "item": ["01_Select_Stmt.sql"], "skip_reason": "Conditional result was False"}
2023-07-04 05:54:38,196 p=1947 u=ubuntu n=ansible | skipping: [ansible_target2] => (item=['02_Delete_Stmt.sql'])  => {"ansible_loop_var": "item", "changed": false, "false_condition": "inventory_hostname in groups['localhosts']", "item": ["02_Delete_Stmt.sql"], "skip_reason": "Conditional result was False"}
2023-07-04 05:54:38,214 p=1947 u=ubuntu n=ansible | skipping: [ansible_target2] => (item=['03_Insert_Stmt.sql'])  => {"ansible_loop_var": "item", "changed": false, "false_condition": "inventory_hostname in groups['localhosts']", "item": ["03_Insert_Stmt.sql"], "skip_reason": "Conditional result was False"}
2023-07-04 05:54:38,224 p=1947 u=ubuntu n=ansible | skipping: [ansible_target2] => (item=['04_Select_Stmt.sql'])  => {"ansible_loop_var": "item", "changed": false, "false_condition": "inventory_hostname in groups['localhosts']", "item": ["04_Select_Stmt.sql"], "skip_reason": "Conditional result was False"}
2023-07-04 05:54:38,226 p=1947 u=ubuntu n=ansible | skipping: [ansible_target2] => {"changed": false, "msg": "All items skipped"}
2023-07-04 05:54:38,242 p=1947 u=ubuntu n=ansible | skipping: [ansible_remoteserver] => (item=['01_Select_Stmt.sql'])  => {"ansible_loop_var": "item", "changed": false, "false_condition": "inventory_hostname in groups['localhosts']", "item": ["01_Select_Stmt.sql"], "skip_reason": "Conditional result was False"}
2023-07-04 05:54:38,249 p=1947 u=ubuntu n=ansible | skipping: [ansible_remoteserver] => (item=['02_Delete_Stmt.sql'])  => {"ansible_loop_var": "item", "changed": false, "false_condition": "inventory_hostname in groups['localhosts']", "item": ["02_Delete_Stmt.sql"], "skip_reason": "Conditional result was False"}
2023-07-04 05:54:38,258 p=1947 u=ubuntu n=ansible | skipping: [ansible_remoteserver] => (item=['03_Insert_Stmt.sql'])  => {"ansible_loop_var": "item", "changed": false, "false_condition": "inventory_hostname in groups['localhosts']", "item": ["03_Insert_Stmt.sql"], "skip_reason": "Conditional result was False"}
2023-07-04 05:54:38,263 p=1947 u=ubuntu n=ansible | skipping: [ansible_remoteserver] => (item=['04_Select_Stmt.sql'])  => {"ansible_loop_var": "item", "changed": false, "false_condition": "inventory_hostname in groups['localhosts']", "item": ["04_Select_Stmt.sql"], "skip_reason": "Conditional result was False"}
2023-07-04 05:54:38,265 p=1947 u=ubuntu n=ansible | skipping: [ansible_remoteserver] => {"changed": false, "msg": "All items skipped"}
2023-07-04 05:54:38,633 p=1947 u=ubuntu n=ansible | changed: [ansible_controller] => (item=['01_Select_Stmt.sql']) => {"ansible_loop_var": "item", "backup": "", "changed": true, "item": ["01_Select_Stmt.sql"], "msg": "line added"}
2023-07-04 05:54:38,882 p=1947 u=ubuntu n=ansible | changed: [ansible_controller] => (item=['02_Delete_Stmt.sql']) => {"ansible_loop_var": "item", "backup": "", "changed": true, "item": ["02_Delete_Stmt.sql"], "msg": "line added"}
2023-07-04 05:54:39,127 p=1947 u=ubuntu n=ansible | changed: [ansible_controller] => (item=['03_Insert_Stmt.sql']) => {"ansible_loop_var": "item", "backup": "", "changed": true, "item": ["03_Insert_Stmt.sql"], "msg": "line added"}
2023-07-04 05:54:39,367 p=1947 u=ubuntu n=ansible | changed: [ansible_controller] => (item=['04_Select_Stmt.sql']) => {"ansible_loop_var": "item", "backup": "", "changed": true, "item": ["04_Select_Stmt.sql"], "msg": "line added"}
2023-07-04 05:54:39,442 p=1947 u=ubuntu n=ansible | PLAY RECAP **********************************************************************************************************************
2023-07-04 05:54:39,443 p=1947 u=ubuntu n=ansible | ansible_controller         : ok=2    changed=1    unreachable=0    failed=0    skipped=9    rescued=0    ignored=0   
2023-07-04 05:54:39,443 p=1947 u=ubuntu n=ansible | ansible_remoteserver       : ok=8    changed=1    unreachable=0    failed=0    skipped=3    rescued=0    ignored=0   
2023-07-04 05:54:39,444 p=1947 u=ubuntu n=ansible | ansible_target1            : ok=0    changed=0    unreachable=0    failed=0    skipped=11   rescued=0    ignored=0   
2023-07-04 05:54:39,445 p=1947 u=ubuntu n=ansible | ansible_target2            : ok=0    changed=0    unreachable=0    failed=0    skipped=11   rescued=0    ignored=0   
2023-07-04 05:55:21,765 p=2335 u=ubuntu n=ansible | ansible-playbook [core 2.15.1]
  config file = /home/ubuntu/ansible/ansible.cfg
  configured module search path = ['/home/ubuntu/.ansible/plugins/modules', '/usr/share/ansible/plugins/modules']
  ansible python module location = /usr/local/lib/python3.10/dist-packages/ansible
  ansible collection location = /home/ubuntu/.ansible/collections:/usr/share/ansible/collections
  executable location = /usr/local/bin/ansible-playbook
  python version = 3.10.6 (main, May 29 2023, 11:10:38) [GCC 11.3.0] (/usr/bin/python3)
  jinja version = 3.0.3
  libyaml = True
2023-07-04 05:55:21,766 p=2335 u=ubuntu n=ansible | Using /home/ubuntu/ansible/ansible.cfg as config file
2023-07-04 05:55:22,210 p=2335 u=ubuntu n=ansible | redirecting (type: modules) ansible.builtin.win_shell to ansible.windows.win_shell
2023-07-04 05:55:22,217 p=2335 u=ubuntu n=ansible | redirecting (type: modules) ansible.builtin.win_find to ansible.windows.win_find
2023-07-04 05:55:22,236 p=2335 u=ubuntu n=ansible | Skipping callback 'default', as we already have a stdout callback.
2023-07-04 05:55:22,237 p=2335 u=ubuntu n=ansible | Skipping callback 'minimal', as we already have a stdout callback.
2023-07-04 05:55:22,238 p=2335 u=ubuntu n=ansible | Skipping callback 'oneline', as we already have a stdout callback.
2023-07-04 05:55:22,239 p=2335 u=ubuntu n=ansible | PLAYBOOK: mssql_db_run_playbook_v0.4.yml ****************************************************************************************
2023-07-04 05:55:22,240 p=2335 u=ubuntu n=ansible | 1 plays in mssql_db_run_playbook_v0.4.yml
2023-07-04 05:55:22,247 p=2335 u=ubuntu n=ansible | PLAY [DB_playbook v0.4] *********************************************************************************************************
2023-07-04 05:55:22,296 p=2335 u=ubuntu n=ansible | TASK [Get current date&time] ****************************************************************************************************
2023-07-04 05:55:22,347 p=2335 u=ubuntu n=ansible | skipping: [ansible_controller] => {"changed": false, "false_condition": "inventory_hostname in groups['db_servers']", "skip_reason": "Conditional result was False"}
2023-07-04 05:55:22,373 p=2335 u=ubuntu n=ansible | skipping: [ansible_target1] => {"changed": false, "false_condition": "inventory_hostname in groups['db_servers']", "skip_reason": "Conditional result was False"}
2023-07-04 05:55:22,374 p=2335 u=ubuntu n=ansible | skipping: [ansible_target2] => {"changed": false, "false_condition": "inventory_hostname in groups['db_servers']", "skip_reason": "Conditional result was False"}
2023-07-04 05:55:22,390 p=2335 u=ubuntu n=ansible | redirecting (type: modules) ansible.builtin.setup to ansible.windows.setup
2023-07-04 05:55:28,300 p=2335 u=ubuntu n=ansible | ok: [ansible_remoteserver]
2023-07-04 05:55:28,310 p=2335 u=ubuntu n=ansible | TASK [Store ansible_facts of ansible targets] ***********************************************************************************
2023-07-04 05:55:28,359 p=2335 u=ubuntu n=ansible | skipping: [ansible_controller] => {"false_condition": "inventory_hostname in groups['db_servers']"}
2023-07-04 05:55:28,386 p=2335 u=ubuntu n=ansible | skipping: [ansible_target1] => {"false_condition": "inventory_hostname in groups['db_servers']"}
2023-07-04 05:55:28,388 p=2335 u=ubuntu n=ansible | skipping: [ansible_target2] => {"false_condition": "inventory_hostname in groups['db_servers']"}
2023-07-04 05:55:28,414 p=2335 u=ubuntu n=ansible | ok: [ansible_remoteserver] => {
    "datetime_var": {
        "ansible_facts": {
            "ansible_architecture": "64-bit",
            "ansible_architecture2": "x86_64",
            "ansible_bios_date": "08/24/2006",
            "ansible_bios_version": "4.11.amazon",
            "ansible_date_time": {
                "date": "2023-07-04",
                "day": "04",
                "epoch": "1688450126.29529",
                "epoch_int": 1688450126,
                "epoch_local": "1688450126.29529",
                "hour": "05",
                "iso8601": "2023-07-04T05:55:26Z",
                "iso8601_basic": "20230704T055526295286",
                "iso8601_basic_short": "20230704T055526",
                "iso8601_micro": "2023-07-04T05:55:26.295286Z",
                "minute": "55",
                "month": "07",
                "second": "26",
                "time": "05:55:26",
                "tz": "UTC",
                "tz_offset": "+00:00",
                "weekday": "Tuesday",
                "weekday_number": "2",
                "weeknumber": "26",
                "year": "2023"
            },
            "ansible_distribution": "Microsoft Windows Server 2022 Datacenter",
            "ansible_distribution_major_version": "10",
            "ansible_distribution_version": "10.0.20348.0",
            "ansible_domain": "",
            "ansible_env": {
                "ALLUSERSPROFILE": "C:\\ProgramData",
                "APPDATA": "C:\\Users\\Administrator\\AppData\\Roaming",
                "AWS_EXECUTION_ENV": "EC2",
                "COMPUTERNAME": "EC2AMAZ-J73RL8T",
                "ComSpec": "C:\\Windows\\system32\\cmd.exe",
                "CommonProgramFiles": "C:\\Program Files\\Common Files",
                "CommonProgramFiles(x86)": "C:\\Program Files (x86)\\Common Files",
                "CommonProgramW6432": "C:\\Program Files\\Common Files",
                "DriverData": "C:\\Windows\\System32\\Drivers\\DriverData",
                "EC2LAUNCH_TELEMETRY": "1",
                "LOCALAPPDATA": "C:\\Users\\Administrator\\AppData\\Local",
                "NUMBER_OF_PROCESSORS": "1",
                "OS": "Windows_NT",
                "PATHEXT": ".COM;.EXE;.BAT;.CMD;.VBS;.VBE;.JS;.JSE;.WSF;.WSH;.MSC;.CPL",
                "PROCESSOR_ARCHITECTURE": "AMD64",
                "PROCESSOR_IDENTIFIER": "Intel64 Family 6 Model 63 Stepping 2, GenuineIntel",
                "PROCESSOR_LEVEL": "6",
                "PROCESSOR_REVISION": "3f02",
                "PROMPT": "$P$G",
                "PSExecutionPolicyPreference": "Unrestricted",
                "PSModulePath": "C:\\Users\\Administrator\\Documents\\WindowsPowerShell\\Modules;C:\\Windows\\system32\\WindowsPowerShell\\v1.0\\Modules;C:\\Program Files\\WindowsPowerShell\\Modules;C:\\Program Files (x86)\\Microsoft SQL Server\\160\\Tools\\PowerShell\\Modules",
                "PUBLIC": "C:\\Users\\Public",
                "Path": "C:\\Windows\\system32;C:\\Windows;C:\\Windows\\System32\\Wbem;C:\\Windows\\System32\\WindowsPowerShell\\v1.0\\;C:\\Windows\\System32\\OpenSSH\\;C:\\Program Files\\Amazon\\cfn-bootstrap\\;C:\\Program Files (x86)\\Microsoft SQL Server\\160\\Tools\\Binn\\;C:\\Program Files\\Microsoft SQL Server\\160\\Tools\\Binn\\;C:\\Program Files\\Microsoft SQL Server\\Client SDK\\ODBC\\170\\Tools\\Binn\\;C:\\Program Files\\Microsoft SQL Server\\160\\DTS\\Binn\\;C:\\Program Files (x86)\\Microsoft SQL Server\\160\\DTS\\Binn\\;C:\\Program Files\\Azure Data Studio\\bin;C:\\Users\\Administrator\\AppData\\Local\\Microsoft\\WindowsApps;",
                "ProgramData": "C:\\ProgramData",
                "ProgramFiles": "C:\\Program Files",
                "ProgramFiles(x86)": "C:\\Program Files (x86)",
                "ProgramW6432": "C:\\Program Files",
                "SystemDrive": "C:",
                "SystemRoot": "C:\\Windows",
                "TEMP": "C:\\Users\\ADMINI~1\\AppData\\Local\\Temp",
                "TMP": "C:\\Users\\ADMINI~1\\AppData\\Local\\Temp",
                "USERDOMAIN": "EC2AMAZ-J73RL8T",
                "USERNAME": "Administrator",
                "USERPROFILE": "C:\\Users\\Administrator",
                "windir": "C:\\Windows"
            },
            "ansible_fqdn": "EC2AMAZ-J73RL8T",
            "ansible_hostname": "EC2AMAZ-J73RL8T",
            "ansible_interfaces": [
                {
                    "connection_name": "Ethernet 2",
                    "default_gateway": "172.31.32.1",
                    "dns_domain": "ap-south-1.compute.internal",
                    "interface_index": 7,
                    "interface_name": "AWS PV Network Device #0",
                    "ipv4": {
                        "address": "172.31.45.40",
                        "prefix": "20"
                    },
                    "ipv6": {
                        "address": "fe80::1b68:78b5:3dd6:7190%7",
                        "prefix": "64"
                    },
                    "macaddress": "02:D9:63:10:16:78",
                    "mtu": 9001,
                    "speed": 1000
                }
            ],
            "ansible_ip_addresses": [
                "fe80::1b68:78b5:3dd6:7190%7",
                "172.31.45.40"
            ],
            "ansible_kernel": "10.0.20348.0",
            "ansible_lastboot": "2023-07-04 05:32:36Z",
            "ansible_machine_id": "S-1-5-21-3142975123-2064260459-2716191798",
            "ansible_memfree_mb": 101,
            "ansible_memtotal_mb": 1024,
            "ansible_netbios_name": "EC2AMAZ-J73RL8T",
            "ansible_nodename": "EC2AMAZ-J73RL8T",
            "ansible_os_family": "Windows",
            "ansible_os_installation_type": "Server",
            "ansible_os_name": "Microsoft Windows Server 2022 Datacenter",
            "ansible_os_product_type": "server",
            "ansible_owner_contact": "",
            "ansible_owner_name": "EC2",
            "ansible_pagefilefree_mb": 1058,
            "ansible_pagefiletotal_mb": 1344,
            "ansible_powershell_version": 5,
            "ansible_processor": [
                "0",
                "GenuineIntel",
                "Intel(R) Xeon(R) CPU E5-2676 v3 @ 2.40GHz"
            ],
            "ansible_processor_cores": 1,
            "ansible_processor_count": 1,
            "ansible_processor_threads_per_core": 1,
            "ansible_processor_vcpus": 1,
            "ansible_product_name": "HVM domU",
            "ansible_product_serial": "ec24ce73-b77e-f9ee-e386-e0f37cab1476",
            "ansible_reboot_pending": false,
            "ansible_swaptotal_mb": 0,
            "ansible_system": "Win32NT",
            "ansible_system_description": "",
            "ansible_system_vendor": "Xen",
            "ansible_uptime_seconds": 1371,
            "ansible_user_dir": "C:\\Users\\Administrator",
            "ansible_user_gecos": "",
            "ansible_user_id": "Administrator",
            "ansible_user_sid": "S-1-5-21-3142975123-2064260459-2716191798-500",
            "ansible_virtualization_role": "guest",
            "ansible_virtualization_type": "xen",
            "ansible_win_rm_certificate_expires": "2026-06-15 18:15:15",
            "ansible_windows_domain": "WORKGROUP",
            "ansible_windows_domain_member": false,
            "ansible_windows_domain_role": "Stand-alone server",
            "gather_subset": [
                "date_time"
            ],
            "module_setup": true
        },
        "changed": false,
        "failed": false
    }
}
2023-07-04 05:55:28,437 p=2335 u=ubuntu n=ansible | TASK [Store datetime in ddmmyyyy_hhmmss format] *********************************************************************************
2023-07-04 05:55:28,487 p=2335 u=ubuntu n=ansible | skipping: [ansible_controller] => {"false_condition": "inventory_hostname in groups['db_servers']"}
2023-07-04 05:55:28,513 p=2335 u=ubuntu n=ansible | skipping: [ansible_target1] => {"false_condition": "inventory_hostname in groups['db_servers']"}
2023-07-04 05:55:28,516 p=2335 u=ubuntu n=ansible | skipping: [ansible_target2] => {"false_condition": "inventory_hostname in groups['db_servers']"}
2023-07-04 05:55:28,535 p=2335 u=ubuntu n=ansible | ok: [ansible_remoteserver] => {
    "msg": "04072023_055526"
}
2023-07-04 05:55:28,544 p=2335 u=ubuntu n=ansible | TASK [Connect MSSQL DB Server] **************************************************************************************************
2023-07-04 05:55:28,598 p=2335 u=ubuntu n=ansible | skipping: [ansible_controller] => {"censored": "the output has been hidden due to the fact that 'no_log: true' was specified for this result", "changed": false}
2023-07-04 05:55:28,624 p=2335 u=ubuntu n=ansible | skipping: [ansible_target1] => {"censored": "the output has been hidden due to the fact that 'no_log: true' was specified for this result", "changed": false}
2023-07-04 05:55:28,626 p=2335 u=ubuntu n=ansible | skipping: [ansible_target2] => {"censored": "the output has been hidden due to the fact that 'no_log: true' was specified for this result", "changed": false}
2023-07-04 05:55:28,676 p=2335 u=ubuntu n=ansible | redirecting (type: modules) ansible.builtin.win_shell to ansible.windows.win_shell
2023-07-04 05:55:28,681 p=2335 u=ubuntu n=ansible | redirecting (type: modules) ansible.builtin.win_shell to ansible.windows.win_shell
2023-07-04 05:55:32,112 p=2335 u=ubuntu n=ansible | changed: [ansible_remoteserver] => {"censored": "the output has been hidden due to the fact that 'no_log: true' was specified for this result", "changed": true}
2023-07-04 05:55:32,124 p=2335 u=ubuntu n=ansible | TASK [Check DB connection status successful] ************************************************************************************
2023-07-04 05:55:32,178 p=2335 u=ubuntu n=ansible | skipping: [ansible_controller] => {"false_condition": "inventory_hostname in groups['db_servers']"}
2023-07-04 05:55:32,209 p=2335 u=ubuntu n=ansible | skipping: [ansible_target1] => {"false_condition": "inventory_hostname in groups['db_servers']"}
2023-07-04 05:55:32,212 p=2335 u=ubuntu n=ansible | skipping: [ansible_target2] => {"false_condition": "inventory_hostname in groups['db_servers']"}
2023-07-04 05:55:32,235 p=2335 u=ubuntu n=ansible | ok: [ansible_remoteserver] => (item=0) => {
    "msg": "172.31.45.40 connection is successful"
}
2023-07-04 05:55:32,244 p=2335 u=ubuntu n=ansible | TASK [Check DB connection status failed] ****************************************************************************************
2023-07-04 05:55:32,304 p=2335 u=ubuntu n=ansible | skipping: [ansible_controller] => {"false_condition": "inventory_hostname in groups['db_servers']"}
2023-07-04 05:55:32,329 p=2335 u=ubuntu n=ansible | skipping: [ansible_target1] => {"false_condition": "inventory_hostname in groups['db_servers']"}
2023-07-04 05:55:32,332 p=2335 u=ubuntu n=ansible | skipping: [ansible_target2] => {"false_condition": "inventory_hostname in groups['db_servers']"}
2023-07-04 05:55:32,352 p=2335 u=ubuntu n=ansible | skipping: [ansible_remoteserver] => (item=0)  => {"ansible_loop_var": "item", "false_condition": "item != '0'", "item": "0"}
2023-07-04 05:55:32,353 p=2335 u=ubuntu n=ansible | skipping: [ansible_remoteserver] => {"msg": "All items skipped"}
2023-07-04 05:55:32,362 p=2335 u=ubuntu n=ansible | TASK [Get all *.sql filenames from the target location] *************************************************************************
2023-07-04 05:55:32,417 p=2335 u=ubuntu n=ansible | skipping: [ansible_controller] => {"changed": false, "false_condition": "inventory_hostname in groups['db_servers']", "skip_reason": "Conditional result was False"}
2023-07-04 05:55:32,440 p=2335 u=ubuntu n=ansible | skipping: [ansible_target1] => {"changed": false, "false_condition": "inventory_hostname in groups['db_servers']", "skip_reason": "Conditional result was False"}
2023-07-04 05:55:32,442 p=2335 u=ubuntu n=ansible | skipping: [ansible_target2] => {"changed": false, "false_condition": "inventory_hostname in groups['db_servers']", "skip_reason": "Conditional result was False"}
2023-07-04 05:55:32,457 p=2335 u=ubuntu n=ansible | redirecting (type: modules) ansible.builtin.win_find to ansible.windows.win_find
2023-07-04 05:55:32,462 p=2335 u=ubuntu n=ansible | redirecting (type: modules) ansible.builtin.win_find to ansible.windows.win_find
2023-07-04 05:55:36,759 p=2335 u=ubuntu n=ansible | ok: [ansible_remoteserver] => {"changed": false, "examined": 5, "files": [{"attributes": "Archive", "checksum": "26a681cd5af06cb48402c92d86c8952c6273a0a5", "creationtime": 1687954385.013765, "exists": true, "extension": ".sql", "filename": "01_Select_Stmt.sql", "hlnk_targets": [], "isarchive": true, "isdir": false, "ishidden": false, "isjunction": false, "islnk": false, "isreadonly": false, "isreg": true, "isshared": false, "lastaccesstime": 1688104914.4182603, "lastwritetime": 1688104914.4182603, "lnk_source": null, "lnk_target": null, "nlink": 1, "owner": "BUILTIN\\Administrators", "path": "C:\\sql_stmts\\01_Select_Stmt.sql", "sharename": null, "size": 41}, {"attributes": "Archive", "checksum": "78826ed5c2b0209be9ad06101fa7c5609bd92294", "creationtime": 1687954385.013765, "exists": true, "extension": ".sql", "filename": "02_Delete_Stmt.sql", "hlnk_targets": [], "isarchive": true, "isdir": false, "ishidden": false, "isjunction": false, "islnk": false, "isreadonly": false, "isreg": true, "isshared": false, "lastaccesstime": 1688365137.6897044, "lastwritetime": 1688365137.6897044, "lnk_source": null, "lnk_target": null, "nlink": 1, "owner": "BUILTIN\\Administrators", "path": "C:\\sql_stmts\\02_Delete_Stmt.sql", "sharename": null, "size": 81}, {"attributes": "Archive", "checksum": "4b326607b7b760da73ba878e4a60341b731fdf54", "creationtime": 1687954385.013765, "exists": true, "extension": ".sql", "filename": "03_Insert_Stmt.sql", "hlnk_targets": [], "isarchive": true, "isdir": false, "ishidden": false, "isjunction": false, "islnk": false, "isreadonly": false, "isreg": true, "isshared": false, "lastaccesstime": 1688105637.8205428, "lastwritetime": 1688105637.8205428, "lnk_source": null, "lnk_target": null, "nlink": 1, "owner": "BUILTIN\\Administrators", "path": "C:\\sql_stmts\\03_Insert_Stmt.sql", "sharename": null, "size": 108}, {"attributes": "Archive", "checksum": "26a681cd5af06cb48402c92d86c8952c6273a0a5", "creationtime": 1688364839.701821, "exists": true, "extension": ".sql", "filename": "04_Select_Stmt.sql", "hlnk_targets": [], "isarchive": true, "isdir": false, "ishidden": false, "isjunction": false, "islnk": false, "isreadonly": false, "isreg": true, "isshared": false, "lastaccesstime": 1688364839.701821, "lastwritetime": 1688104914.4182603, "lnk_source": null, "lnk_target": null, "nlink": 1, "owner": "BUILTIN\\Administrators", "path": "C:\\sql_stmts\\04_Select_Stmt.sql", "sharename": null, "size": 41}], "matched": 4}
2023-07-04 05:55:36,768 p=2335 u=ubuntu n=ansible | TASK [debug] ********************************************************************************************************************
2023-07-04 05:55:36,819 p=2335 u=ubuntu n=ansible | skipping: [ansible_controller] => {"false_condition": "inventory_hostname in groups['db_servers']"}
2023-07-04 05:55:36,846 p=2335 u=ubuntu n=ansible | skipping: [ansible_target1] => {"false_condition": "inventory_hostname in groups['db_servers']"}
2023-07-04 05:55:36,849 p=2335 u=ubuntu n=ansible | skipping: [ansible_target2] => {"false_condition": "inventory_hostname in groups['db_servers']"}
2023-07-04 05:55:36,873 p=2335 u=ubuntu n=ansible | ok: [ansible_remoteserver] => {
    "file_list": {
        "changed": false,
        "examined": 5,
        "failed": false,
        "files": [
            {
                "attributes": "Archive",
                "checksum": "26a681cd5af06cb48402c92d86c8952c6273a0a5",
                "creationtime": 1687954385.013765,
                "exists": true,
                "extension": ".sql",
                "filename": "01_Select_Stmt.sql",
                "hlnk_targets": [],
                "isarchive": true,
                "isdir": false,
                "ishidden": false,
                "isjunction": false,
                "islnk": false,
                "isreadonly": false,
                "isreg": true,
                "isshared": false,
                "lastaccesstime": 1688104914.4182603,
                "lastwritetime": 1688104914.4182603,
                "lnk_source": null,
                "lnk_target": null,
                "nlink": 1,
                "owner": "BUILTIN\\Administrators",
                "path": "C:\\sql_stmts\\01_Select_Stmt.sql",
                "sharename": null,
                "size": 41
            },
            {
                "attributes": "Archive",
                "checksum": "78826ed5c2b0209be9ad06101fa7c5609bd92294",
                "creationtime": 1687954385.013765,
                "exists": true,
                "extension": ".sql",
                "filename": "02_Delete_Stmt.sql",
                "hlnk_targets": [],
                "isarchive": true,
                "isdir": false,
                "ishidden": false,
                "isjunction": false,
                "islnk": false,
                "isreadonly": false,
                "isreg": true,
                "isshared": false,
                "lastaccesstime": 1688365137.6897044,
                "lastwritetime": 1688365137.6897044,
                "lnk_source": null,
                "lnk_target": null,
                "nlink": 1,
                "owner": "BUILTIN\\Administrators",
                "path": "C:\\sql_stmts\\02_Delete_Stmt.sql",
                "sharename": null,
                "size": 81
            },
            {
                "attributes": "Archive",
                "checksum": "4b326607b7b760da73ba878e4a60341b731fdf54",
                "creationtime": 1687954385.013765,
                "exists": true,
                "extension": ".sql",
                "filename": "03_Insert_Stmt.sql",
                "hlnk_targets": [],
                "isarchive": true,
                "isdir": false,
                "ishidden": false,
                "isjunction": false,
                "islnk": false,
                "isreadonly": false,
                "isreg": true,
                "isshared": false,
                "lastaccesstime": 1688105637.8205428,
                "lastwritetime": 1688105637.8205428,
                "lnk_source": null,
                "lnk_target": null,
                "nlink": 1,
                "owner": "BUILTIN\\Administrators",
                "path": "C:\\sql_stmts\\03_Insert_Stmt.sql",
                "sharename": null,
                "size": 108
            },
            {
                "attributes": "Archive",
                "checksum": "26a681cd5af06cb48402c92d86c8952c6273a0a5",
                "creationtime": 1688364839.701821,
                "exists": true,
                "extension": ".sql",
                "filename": "04_Select_Stmt.sql",
                "hlnk_targets": [],
                "isarchive": true,
                "isdir": false,
                "ishidden": false,
                "isjunction": false,
                "islnk": false,
                "isreadonly": false,
                "isreg": true,
                "isshared": false,
                "lastaccesstime": 1688364839.701821,
                "lastwritetime": 1688104914.4182603,
                "lnk_source": null,
                "lnk_target": null,
                "nlink": 1,
                "owner": "BUILTIN\\Administrators",
                "path": "C:\\sql_stmts\\04_Select_Stmt.sql",
                "sharename": null,
                "size": 41
            }
        ],
        "matched": 4
    }
}
2023-07-04 05:55:36,887 p=2335 u=ubuntu n=ansible | TASK [debug] ********************************************************************************************************************
2023-07-04 05:55:37,369 p=2335 u=ubuntu n=ansible | skipping: [ansible_controller] => (item=[''])  => {"ansible_loop_var": "item", "false_condition": "inventory_hostname in groups['db_servers']", "item": [""]}
2023-07-04 05:55:37,371 p=2335 u=ubuntu n=ansible | skipping: [ansible_controller] => {"msg": "All items skipped"}
2023-07-04 05:55:37,395 p=2335 u=ubuntu n=ansible | skipping: [ansible_target1] => (item=[''])  => {"ansible_loop_var": "item", "false_condition": "inventory_hostname in groups['db_servers']", "item": [""]}
2023-07-04 05:55:37,396 p=2335 u=ubuntu n=ansible | skipping: [ansible_target1] => {"msg": "All items skipped"}
2023-07-04 05:55:37,424 p=2335 u=ubuntu n=ansible | skipping: [ansible_target2] => (item=[''])  => {"ansible_loop_var": "item", "false_condition": "inventory_hostname in groups['db_servers']", "item": [""]}
2023-07-04 05:55:37,425 p=2335 u=ubuntu n=ansible | skipping: [ansible_target2] => {"msg": "All items skipped"}
2023-07-04 05:55:37,452 p=2335 u=ubuntu n=ansible | ok: [ansible_remoteserver] => (item=['01_Select_Stmt.sql']) => {
    "msg": "filename 01_Select_Stmt.sql"
}
2023-07-04 05:55:37,460 p=2335 u=ubuntu n=ansible | ok: [ansible_remoteserver] => (item=['02_Delete_Stmt.sql']) => {
    "msg": "filename 02_Delete_Stmt.sql"
}
2023-07-04 05:55:37,470 p=2335 u=ubuntu n=ansible | ok: [ansible_remoteserver] => (item=['03_Insert_Stmt.sql']) => {
    "msg": "filename 03_Insert_Stmt.sql"
}
2023-07-04 05:55:37,476 p=2335 u=ubuntu n=ansible | ok: [ansible_remoteserver] => (item=['04_Select_Stmt.sql']) => {
    "msg": "filename 04_Select_Stmt.sql"
}
2023-07-04 05:55:37,486 p=2335 u=ubuntu n=ansible | TASK [Create a dict in sqlfilename_list.yml on ansible controller] **************************************************************
2023-07-04 05:55:37,566 p=2335 u=ubuntu n=ansible | skipping: [ansible_target1] => {"changed": false, "false_condition": "inventory_hostname in groups['localhosts']", "skip_reason": "Conditional result was False"}
2023-07-04 05:55:37,567 p=2335 u=ubuntu n=ansible | skipping: [ansible_target2] => {"changed": false, "false_condition": "inventory_hostname in groups['localhosts']", "skip_reason": "Conditional result was False"}
2023-07-04 05:55:37,585 p=2335 u=ubuntu n=ansible | skipping: [ansible_remoteserver] => {"changed": false, "false_condition": "inventory_hostname in groups['localhosts']", "skip_reason": "Conditional result was False"}
2023-07-04 05:55:38,349 p=2335 u=ubuntu n=ansible | changed: [ansible_controller] => {"changed": true, "checksum": "886cad1e2aef70502dfa27346faabfc5fcc1cd10", "dest": "/home/ubuntu/ansible/sqlfilename_list.yml", "gid": 1000, "group": "ubuntu", "md5sum": "fcee916041962ff7dba629c9857e7892", "mode": "0664", "owner": "ubuntu", "size": 12, "src": "/home/ubuntu/.ansible/tmp/ansible-tmp-1688450137.5383024-2473-70034548741218/source", "state": "file", "uid": 1000}
2023-07-04 05:55:38,359 p=2335 u=ubuntu n=ansible | TASK [Add filenames fetched as a listed-dict into sqlfilename_list.yml on ansible controller] ***********************************
2023-07-04 05:55:38,791 p=2335 u=ubuntu n=ansible | skipping: [ansible_target1] => (item=['01_Select_Stmt.sql'])  => {"ansible_loop_var": "item", "changed": false, "false_condition": "inventory_hostname in groups['localhosts']", "item": ["01_Select_Stmt.sql"], "skip_reason": "Conditional result was False"}
2023-07-04 05:55:38,798 p=2335 u=ubuntu n=ansible | skipping: [ansible_target1] => (item=['02_Delete_Stmt.sql'])  => {"ansible_loop_var": "item", "changed": false, "false_condition": "inventory_hostname in groups['localhosts']", "item": ["02_Delete_Stmt.sql"], "skip_reason": "Conditional result was False"}
2023-07-04 05:55:38,812 p=2335 u=ubuntu n=ansible | skipping: [ansible_target1] => (item=['03_Insert_Stmt.sql'])  => {"ansible_loop_var": "item", "changed": false, "false_condition": "inventory_hostname in groups['localhosts']", "item": ["03_Insert_Stmt.sql"], "skip_reason": "Conditional result was False"}
2023-07-04 05:55:38,826 p=2335 u=ubuntu n=ansible | skipping: [ansible_target1] => (item=['04_Select_Stmt.sql'])  => {"ansible_loop_var": "item", "changed": false, "false_condition": "inventory_hostname in groups['localhosts']", "item": ["04_Select_Stmt.sql"], "skip_reason": "Conditional result was False"}
2023-07-04 05:55:38,828 p=2335 u=ubuntu n=ansible | skipping: [ansible_target1] => {"changed": false, "msg": "All items skipped"}
2023-07-04 05:55:38,845 p=2335 u=ubuntu n=ansible | skipping: [ansible_target2] => (item=['01_Select_Stmt.sql'])  => {"ansible_loop_var": "item", "changed": false, "false_condition": "inventory_hostname in groups['localhosts']", "item": ["01_Select_Stmt.sql"], "skip_reason": "Conditional result was False"}
2023-07-04 05:55:38,860 p=2335 u=ubuntu n=ansible | skipping: [ansible_target2] => (item=['02_Delete_Stmt.sql'])  => {"ansible_loop_var": "item", "changed": false, "false_condition": "inventory_hostname in groups['localhosts']", "item": ["02_Delete_Stmt.sql"], "skip_reason": "Conditional result was False"}
2023-07-04 05:55:38,875 p=2335 u=ubuntu n=ansible | skipping: [ansible_target2] => (item=['03_Insert_Stmt.sql'])  => {"ansible_loop_var": "item", "changed": false, "false_condition": "inventory_hostname in groups['localhosts']", "item": ["03_Insert_Stmt.sql"], "skip_reason": "Conditional result was False"}
2023-07-04 05:55:38,884 p=2335 u=ubuntu n=ansible | skipping: [ansible_target2] => (item=['04_Select_Stmt.sql'])  => {"ansible_loop_var": "item", "changed": false, "false_condition": "inventory_hostname in groups['localhosts']", "item": ["04_Select_Stmt.sql"], "skip_reason": "Conditional result was False"}
2023-07-04 05:55:38,886 p=2335 u=ubuntu n=ansible | skipping: [ansible_target2] => {"changed": false, "msg": "All items skipped"}
2023-07-04 05:55:38,900 p=2335 u=ubuntu n=ansible | skipping: [ansible_remoteserver] => (item=['01_Select_Stmt.sql'])  => {"ansible_loop_var": "item", "changed": false, "false_condition": "inventory_hostname in groups['localhosts']", "item": ["01_Select_Stmt.sql"], "skip_reason": "Conditional result was False"}
2023-07-04 05:55:38,908 p=2335 u=ubuntu n=ansible | skipping: [ansible_remoteserver] => (item=['02_Delete_Stmt.sql'])  => {"ansible_loop_var": "item", "changed": false, "false_condition": "inventory_hostname in groups['localhosts']", "item": ["02_Delete_Stmt.sql"], "skip_reason": "Conditional result was False"}
2023-07-04 05:55:38,918 p=2335 u=ubuntu n=ansible | skipping: [ansible_remoteserver] => (item=['03_Insert_Stmt.sql'])  => {"ansible_loop_var": "item", "changed": false, "false_condition": "inventory_hostname in groups['localhosts']", "item": ["03_Insert_Stmt.sql"], "skip_reason": "Conditional result was False"}
2023-07-04 05:55:38,922 p=2335 u=ubuntu n=ansible | skipping: [ansible_remoteserver] => (item=['04_Select_Stmt.sql'])  => {"ansible_loop_var": "item", "changed": false, "false_condition": "inventory_hostname in groups['localhosts']", "item": ["04_Select_Stmt.sql"], "skip_reason": "Conditional result was False"}
2023-07-04 05:55:38,924 p=2335 u=ubuntu n=ansible | skipping: [ansible_remoteserver] => {"changed": false, "msg": "All items skipped"}
2023-07-04 05:55:39,278 p=2335 u=ubuntu n=ansible | changed: [ansible_controller] => (item=['01_Select_Stmt.sql']) => {"ansible_loop_var": "item", "backup": "", "changed": true, "item": ["01_Select_Stmt.sql"], "msg": "line added"}
2023-07-04 05:55:39,522 p=2335 u=ubuntu n=ansible | changed: [ansible_controller] => (item=['02_Delete_Stmt.sql']) => {"ansible_loop_var": "item", "backup": "", "changed": true, "item": ["02_Delete_Stmt.sql"], "msg": "line added"}
2023-07-04 05:55:39,753 p=2335 u=ubuntu n=ansible | changed: [ansible_controller] => (item=['03_Insert_Stmt.sql']) => {"ansible_loop_var": "item", "backup": "", "changed": true, "item": ["03_Insert_Stmt.sql"], "msg": "line added"}
2023-07-04 05:55:39,980 p=2335 u=ubuntu n=ansible | changed: [ansible_controller] => (item=['04_Select_Stmt.sql']) => {"ansible_loop_var": "item", "backup": "", "changed": true, "item": ["04_Select_Stmt.sql"], "msg": "line added"}
2023-07-04 05:55:40,052 p=2335 u=ubuntu n=ansible | PLAY RECAP **********************************************************************************************************************
2023-07-04 05:55:40,053 p=2335 u=ubuntu n=ansible | ansible_controller         : ok=2    changed=2    unreachable=0    failed=0    skipped=9    rescued=0    ignored=0   
2023-07-04 05:55:40,053 p=2335 u=ubuntu n=ansible | ansible_remoteserver       : ok=8    changed=1    unreachable=0    failed=0    skipped=3    rescued=0    ignored=0   
2023-07-04 05:55:40,054 p=2335 u=ubuntu n=ansible | ansible_target1            : ok=0    changed=0    unreachable=0    failed=0    skipped=11   rescued=0    ignored=0   
2023-07-04 05:55:40,054 p=2335 u=ubuntu n=ansible | ansible_target2            : ok=0    changed=0    unreachable=0    failed=0    skipped=11   rescued=0    ignored=0   
